{"t":{"$date":"2024-01-15T22:31:48.211+08:00"},"s":"I",  "c":"NETWORK",  "id":4915701, "ctx":"main","msg":"Initialized wire specification","attr":{"spec":{"incomingExternalClient":{"minWireVersion":0,"maxWireVersion":21},"incomingInternalClient":{"minWireVersion":0,"maxWireVersion":21},"outgoing":{"minWireVersion":21,"maxWireVersion":21},"isInternalClient":true}}}
{"t":{"$date":"2024-01-15T22:31:48.214+08:00"},"s":"I",  "c":"CONTROL",  "id":23285,   "ctx":"main","msg":"Automatically disabling TLS 1.0, to force-enable TLS 1.0 specify --sslDisabledProtocols 'none'"}
{"t":{"$date":"2024-01-15T22:31:48.214+08:00"},"s":"I",  "c":"NETWORK",  "id":4648602, "ctx":"main","msg":"Implicit TCP FastOpen in use."}
{"t":{"$date":"2024-01-15T22:31:48.214+08:00"},"s":"I",  "c":"HEALTH",   "id":5936503, "ctx":"main","msg":"Fault manager changed state ","attr":{"state":"StartupCheck"}}
{"t":{"$date":"2024-01-15T22:31:48.215+08:00"},"s":"W",  "c":"CONTROL",  "id":22120,   "ctx":"main","msg":"Access control is not enabled for the database. Read and write access to data and configuration is unrestricted","tags":["startupWarnings"]}
{"t":{"$date":"2024-01-15T22:31:48.215+08:00"},"s":"I",  "c":"CONTROL",  "id":23403,   "ctx":"mongosMain","msg":"Build Info","attr":{"buildInfo":{"version":"7.0.4","gitVersion":"38f3e37057a43d2e9f41a39142681a76062d582e","openSSLVersion":"OpenSSL 1.1.1w  11 Sep 2023","modules":[],"allocator":"tcmalloc","environment":{"distmod":"ubuntu2004","distarch":"x86_64","target_arch":"x86_64"}}}}
{"t":{"$date":"2024-01-15T22:31:48.215+08:00"},"s":"I",  "c":"CONTROL",  "id":51765,   "ctx":"mongosMain","msg":"Operating System","attr":{"os":{"name":"\"Arch\"","version":"\"rolling\""}}}
{"t":{"$date":"2024-01-15T22:31:48.215+08:00"},"s":"I",  "c":"CONTROL",  "id":21951,   "ctx":"mongosMain","msg":"Options set by command line","attr":{"options":{"config":"/home/tz/mongodb/shard/mongos/start.conf","net":{"bindIp":"localhost","port":47017},"sharding":{"configDB":"rsconfig/localhost:37017"},"systemLog":{"destination":"file","path":"mongos/logs/log.log"}}}}
{"t":{"$date":"2024-01-15T22:31:48.217+08:00"},"s":"I",  "c":"NETWORK",  "id":4603701, "ctx":"mongosMain","msg":"Starting Replica Set Monitor","attr":{"protocol":"streamable","uri":"rsconfig/localhost:37017"}}
{"t":{"$date":"2024-01-15T22:31:48.217+08:00"},"s":"I",  "c":"-",        "id":4333223, "ctx":"mongosMain","msg":"RSM now monitoring replica set","attr":{"replicaSet":"rsconfig","nReplicaSetMembers":1}}
{"t":{"$date":"2024-01-15T22:31:48.217+08:00"},"s":"I",  "c":"-",        "id":4333226, "ctx":"mongosMain","msg":"RSM host was added to the topology","attr":{"replicaSet":"rsconfig","host":"localhost:37017"}}
{"t":{"$date":"2024-01-15T22:31:48.217+08:00"},"s":"I",  "c":"CONNPOOL", "id":22576,   "ctx":"ReplicaSetMonitor-TaskExecutor","msg":"Connecting","attr":{"hostAndPort":"localhost:37017"}}
{"t":{"$date":"2024-01-15T22:31:48.218+08:00"},"s":"I",  "c":"NETWORK",  "id":23729,   "ctx":"ReplicaSetMonitor-TaskExecutor","msg":"ServerPingMonitor is now monitoring host","attr":{"host":"localhost:37017","replicaSet":"rsconfig"}}
{"t":{"$date":"2024-01-15T22:31:48.218+08:00"},"s":"I",  "c":"NETWORK",  "id":4333213, "ctx":"ReplicaSetMonitor-TaskExecutor","msg":"RSM Topology Change","attr":{"replicaSet":"rsconfig","newTopologyDescription":{"id":"76673539-95c1-4943-ad61-d9b5f72be619","topologyType":"ReplicaSetNoPrimary","servers":{"localhost:37017":{"address":"localhost:37017","topologyVersion":{"processId":{"$oid":"65a54144ab82568022f85e59"},"counter":0},"roundTripTime":561,"type":"RSGhost","minWireVersion":0,"maxWireVersion":21,"lastUpdateTime":{"$date":"2024-01-15T14:31:48.218Z"},"logicalSessionTimeoutMinutes":30,"hosts":{},"arbiters":{},"passives":{}}},"setName":"rsconfig","compatible":true},"previousTopologyDescription":{"id":"169d7a25-d4dc-477e-9528-29a6e85a594e","topologyType":"ReplicaSetNoPrimary","servers":{"localhost:37017":{"address":"localhost:37017","type":"Unknown","minWireVersion":0,"maxWireVersion":0,"lastUpdateTime":{"$date":{"$numberLong":"-9223372036854775808"}},"hosts":{},"arbiters":{},"passives":{}}},"setName":"rsconfig","compatible":true}}}
{"t":{"$date":"2024-01-15T22:32:03.217+08:00"},"s":"I",  "c":"NETWORK",  "id":4333208, "ctx":"ReplicaSetMonitor-TaskExecutor","msg":"RSM host selection timeout","attr":{"replicaSet":"rsconfig","error":"FailedToSatisfyReadPreference: Could not find host matching read preference { mode: \"nearest\" } for set rsconfig"}}
{"t":{"$date":"2024-01-15T22:32:03.217+08:00"},"s":"I",  "c":"NETWORK",  "id":4333208, "ctx":"ReplicaSetMonitor-TaskExecutor","msg":"RSM host selection timeout","attr":{"replicaSet":"rsconfig","error":"FailedToSatisfyReadPreference: Could not find host matching read preference { mode: \"nearest\" } for set rsconfig"}}
{"t":{"$date":"2024-01-15T22:32:03.217+08:00"},"s":"I",  "c":"NETWORK",  "id":4333208, "ctx":"ReplicaSetMonitor-TaskExecutor","msg":"RSM host selection timeout","attr":{"replicaSet":"rsconfig","error":"FailedToSatisfyReadPreference: Could not find host matching read preference { mode: \"nearest\" } for set rsconfig"}}
{"t":{"$date":"2024-01-15T22:32:03.217+08:00"},"s":"I",  "c":"NETWORK",  "id":4333208, "ctx":"ReplicaSetMonitor-TaskExecutor","msg":"RSM host selection timeout","attr":{"replicaSet":"rsconfig","error":"FailedToSatisfyReadPreference: Could not find host matching read preference { mode: \"primary\" } for set rsconfig"}}
{"t":{"$date":"2024-01-15T22:32:03.217+08:00"},"s":"I",  "c":"SHARDING", "id":22727,   "ctx":"ShardRegistryUpdater","msg":"Error running periodic reload of shard registry","attr":{"error":"FailedToSatisfyReadPreference: could not get updated shard list from config server :: caused by :: Could not find host matching read preference { mode: \"nearest\" } for set rsconfig","shardRegistryReloadIntervalSeconds":30}}
{"t":{"$date":"2024-01-15T22:32:03.217+08:00"},"s":"W",  "c":"SHARDING", "id":23834,   "ctx":"mongosMain","msg":"Error loading global settings from config server. Sleeping for 2 seconds and retrying","attr":{"error":{"code":133,"codeName":"FailedToSatisfyReadPreference","errmsg":"Error loading clusterID :: caused by :: Could not find host matching read preference { mode: \"nearest\" } for set rsconfig"}}}
{"t":{"$date":"2024-01-15T22:32:03.217+08:00"},"s":"I",  "c":"-",        "id":4939300, "ctx":"monitoring-keys-for-HMAC","msg":"Failed to refresh key cache","attr":{"error":"FailedToSatisfyReadPreference: Could not find host matching read preference { mode: \"nearest\" } for set rsconfig","nextWakeupMillis":200}}
{"t":{"$date":"2024-01-15T22:32:03.217+08:00"},"s":"I",  "c":"SHARDING", "id":6973904, "ctx":"QueryAnalysisConfigurationsRefresher","msg":"Failed to refresh query analysis configurations, will try again at the next refresh interval","attr":{"error":"FailedToSatisfyReadPreference: Could not find host matching read preference { mode: \"primary\" } for set rsconfig"}}
{"t":{"$date":"2024-01-15T22:32:07.333+08:00"},"s":"I",  "c":"CONTROL",  "id":23377,   "ctx":"SignalHandler","msg":"Received signal","attr":{"signal":2,"error":"Interrupt"}}
{"t":{"$date":"2024-01-15T22:32:07.333+08:00"},"s":"I",  "c":"CONTROL",  "id":23380,   "ctx":"SignalHandler","msg":"Signal was sent by the kernel"}
{"t":{"$date":"2024-01-15T22:32:07.333+08:00"},"s":"I",  "c":"CONTROL",  "id":23381,   "ctx":"SignalHandler","msg":"will terminate after current cmd ends"}
{"t":{"$date":"2024-01-15T22:32:07.333+08:00"},"s":"I",  "c":"COMMAND",  "id":4695701, "ctx":"SignalHandler","msg":"Entering quiesce mode for mongos shutdown","attr":{"quiesceTimeMillis":15000}}
{"t":{"$date":"2024-01-15T22:32:18.217+08:00"},"s":"I",  "c":"NETWORK",  "id":4333208, "ctx":"ReplicaSetMonitor-TaskExecutor","msg":"RSM host selection timeout","attr":{"replicaSet":"rsconfig","error":"FailedToSatisfyReadPreference: Could not find host matching read preference { mode: \"primary\" } for set rsconfig"}}
{"t":{"$date":"2024-01-15T22:32:18.217+08:00"},"s":"I",  "c":"SHARDING", "id":6973904, "ctx":"QueryAnalysisConfigurationsRefresher","msg":"Failed to refresh query analysis configurations, will try again at the next refresh interval","attr":{"error":"FailedToSatisfyReadPreference: Could not find host matching read preference { mode: \"primary\" } for set rsconfig"}}
{"t":{"$date":"2024-01-15T22:32:18.418+08:00"},"s":"I",  "c":"NETWORK",  "id":4333208, "ctx":"ReplicaSetMonitor-TaskExecutor","msg":"RSM host selection timeout","attr":{"replicaSet":"rsconfig","error":"FailedToSatisfyReadPreference: Could not find host matching read preference { mode: \"nearest\" } for set rsconfig"}}
{"t":{"$date":"2024-01-15T22:32:18.418+08:00"},"s":"I",  "c":"-",        "id":4939300, "ctx":"monitoring-keys-for-HMAC","msg":"Failed to refresh key cache","attr":{"error":"FailedToSatisfyReadPreference: Could not find host matching read preference { mode: \"nearest\" } for set rsconfig","nextWakeupMillis":400}}
{"t":{"$date":"2024-01-15T22:32:20.217+08:00"},"s":"I",  "c":"NETWORK",  "id":4333208, "ctx":"ReplicaSetMonitor-TaskExecutor","msg":"RSM host selection timeout","attr":{"replicaSet":"rsconfig","error":"FailedToSatisfyReadPreference: Could not find host matching read preference { mode: \"nearest\" } for set rsconfig"}}
{"t":{"$date":"2024-01-15T22:32:20.217+08:00"},"s":"W",  "c":"SHARDING", "id":23834,   "ctx":"mongosMain","msg":"Error loading global settings from config server. Sleeping for 2 seconds and retrying","attr":{"error":{"code":133,"codeName":"FailedToSatisfyReadPreference","errmsg":"Error loading clusterID :: caused by :: Could not find host matching read preference { mode: \"nearest\" } for set rsconfig"}}}
{"t":{"$date":"2024-01-15T22:32:22.217+08:00"},"s":"E",  "c":"SHARDING", "id":22857,   "ctx":"mongosMain","msg":"Error initializing sharding system","attr":{"error":"ShutdownInProgress: aborted loading global settings from config server"}}
{"t":{"$date":"2024-01-15T22:32:22.217+08:00"},"s":"I",  "c":"CONTROL",  "id":23139,   "ctx":"main","msg":"Conflicting exit code at shutdown","attr":{"originalExitCode":0,"newExitCode":5}}
{"t":{"$date":"2024-01-15T22:32:22.404+08:00"},"s":"I",  "c":"COMMAND",  "id":4695702, "ctx":"SignalHandler","msg":"Exiting quiesce mode for mongos shutdown"}
{"t":{"$date":"2024-01-15T22:32:22.404+08:00"},"s":"I",  "c":"NETWORK",  "id":22843,   "ctx":"SignalHandler","msg":"shutdown: going to close all sockets..."}
{"t":{"$date":"2024-01-15T22:32:22.404+08:00"},"s":"I",  "c":"-",        "id":6973901, "ctx":"SignalHandler","msg":"Shutting down the QueryAnalysisSampler"}
{"t":{"$date":"2024-01-15T22:32:22.405+08:00"},"s":"I",  "c":"SHARDING", "id":6973904, "ctx":"QueryAnalysisConfigurationsRefresher","msg":"Failed to refresh query analysis configurations, will try again at the next refresh interval","attr":{"error":"ClientMarkedKilled: client has been killed"}}
{"t":{"$date":"2024-01-15T22:32:22.405+08:00"},"s":"I",  "c":"NETWORK",  "id":4333208, "ctx":"ReplicaSetMonitor-TaskExecutor","msg":"RSM host selection timeout","attr":{"replicaSet":"rsconfig","error":"FailedToSatisfyReadPreference: Could not find host matching read preference { mode: \"primary\" } for set rsconfig"}}
{"t":{"$date":"2024-01-15T22:32:22.405+08:00"},"s":"I",  "c":"NETWORK",  "id":4333209, "ctx":"SignalHandler","msg":"Closing Replica Set Monitor","attr":{"replicaSet":"rsconfig"}}
{"t":{"$date":"2024-01-15T22:32:22.405+08:00"},"s":"I",  "c":"NETWORK",  "id":7926101, "ctx":"ReplicaSetMonitor-TaskExecutor","msg":"ServerPingMonitor stopping pings to host because request was cancelled","attr":{"host":"localhost:37017","status":{"code":90,"codeName":"CallbackCanceled","errmsg":"Callback canceled"}}}
{"t":{"$date":"2024-01-15T22:32:22.405+08:00"},"s":"I",  "c":"NETWORK",  "id":4333210, "ctx":"SignalHandler","msg":"Done closing Replica Set Monitor","attr":{"replicaSet":"rsconfig"}}
{"t":{"$date":"2024-01-15T22:32:22.405+08:00"},"s":"I",  "c":"-",        "id":4939300, "ctx":"monitoring-keys-for-HMAC","msg":"Failed to refresh key cache","attr":{"error":"ShutdownInProgress: ReplicaSetMonitor for set rsconfig is removed","nextWakeupMillis":600}}
{"t":{"$date":"2024-01-15T22:32:22.406+08:00"},"s":"I",  "c":"ASIO",     "id":22582,   "ctx":"ReplicaSetMonitor-TaskExecutor","msg":"Killing all outstanding egress activity."}
{"t":{"$date":"2024-01-15T22:32:22.406+08:00"},"s":"I",  "c":"CONNPOOL", "id":22572,   "ctx":"ReplicaSetMonitor-TaskExecutor","msg":"Dropping all pooled connections","attr":{"hostAndPort":"localhost:37017","error":"ShutdownInProgress: Shutting down the connection pool"}}
{"t":{"$date":"2024-01-15T22:32:22.406+08:00"},"s":"I",  "c":"-",        "id":4695300, "ctx":"SignalHandler","msg":"Interrupted all currently running operations","attr":{"opsKilled":2}}
{"t":{"$date":"2024-01-15T22:32:25.406+08:00"},"s":"I",  "c":"SHARDING", "id":7698300, "ctx":"SignalHandler","msg":"Shutting down the ExecutorPool"}
{"t":{"$date":"2024-01-15T22:32:25.406+08:00"},"s":"I",  "c":"ASIO",     "id":22582,   "ctx":"ShardRegistry","msg":"Killing all outstanding egress activity."}
{"t":{"$date":"2024-01-15T22:32:25.406+08:00"},"s":"I",  "c":"ASIO",     "id":22582,   "ctx":"TaskExecutorPool-0","msg":"Killing all outstanding egress activity."}
{"t":{"$date":"2024-01-15T22:32:25.406+08:00"},"s":"I",  "c":"ASIO",     "id":22582,   "ctx":"ShardRegistryUpdater","msg":"Killing all outstanding egress activity."}
{"t":{"$date":"2024-01-15T22:32:25.406+08:00"},"s":"I",  "c":"ASIO",     "id":6529201, "ctx":"SignalHandler","msg":"Network interface redundant shutdown","attr":{"state":"Stopped"}}
{"t":{"$date":"2024-01-15T22:32:25.406+08:00"},"s":"I",  "c":"ASIO",     "id":22582,   "ctx":"SignalHandler","msg":"Killing all outstanding egress activity."}
{"t":{"$date":"2024-01-15T22:32:25.406+08:00"},"s":"I",  "c":"CONTROL",  "id":23138,   "ctx":"SignalHandler","msg":"Shutting down","attr":{"exitCode":0}}
