{"t":{"$date":"2024-01-15T22:30:00.061+08:00"},"s":"I",  "c":"NETWORK",  "id":4915701, "ctx":"main","msg":"Initialized wire specification","attr":{"spec":{"incomingExternalClient":{"minWireVersion":0,"maxWireVersion":21},"incomingInternalClient":{"minWireVersion":0,"maxWireVersion":21},"outgoing":{"minWireVersion":6,"maxWireVersion":21},"isInternalClient":true}}}
{"t":{"$date":"2024-01-15T22:30:00.064+08:00"},"s":"I",  "c":"CONTROL",  "id":23285,   "ctx":"main","msg":"Automatically disabling TLS 1.0, to force-enable TLS 1.0 specify --sslDisabledProtocols 'none'"}
{"t":{"$date":"2024-01-15T22:30:00.064+08:00"},"s":"I",  "c":"NETWORK",  "id":4648602, "ctx":"main","msg":"Implicit TCP FastOpen in use."}
{"t":{"$date":"2024-01-15T22:30:00.066+08:00"},"s":"I",  "c":"REPL",     "id":5123008, "ctx":"main","msg":"Successfully registered PrimaryOnlyService","attr":{"service":"ReshardingCoordinatorService","namespace":"config.reshardingOperations"}}
{"t":{"$date":"2024-01-15T22:30:00.066+08:00"},"s":"I",  "c":"REPL",     "id":5123008, "ctx":"main","msg":"Successfully registered PrimaryOnlyService","attr":{"service":"ConfigsvrCoordinatorService","namespace":"config.sharding_configsvr_coordinators"}}
{"t":{"$date":"2024-01-15T22:30:00.066+08:00"},"s":"I",  "c":"REPL",     "id":5123008, "ctx":"main","msg":"Successfully registered PrimaryOnlyService","attr":{"service":"RenameCollectionParticipantService","namespace":"config.localRenameParticipants"}}
{"t":{"$date":"2024-01-15T22:30:00.066+08:00"},"s":"I",  "c":"REPL",     "id":5123008, "ctx":"main","msg":"Successfully registered PrimaryOnlyService","attr":{"service":"ShardingDDLCoordinator","namespace":"config.system.sharding_ddl_coordinators"}}
{"t":{"$date":"2024-01-15T22:30:00.066+08:00"},"s":"I",  "c":"REPL",     "id":5123008, "ctx":"main","msg":"Successfully registered PrimaryOnlyService","attr":{"service":"ReshardingDonorService","namespace":"config.localReshardingOperations.donor"}}
{"t":{"$date":"2024-01-15T22:30:00.066+08:00"},"s":"I",  "c":"REPL",     "id":5123008, "ctx":"main","msg":"Successfully registered PrimaryOnlyService","attr":{"service":"ReshardingRecipientService","namespace":"config.localReshardingOperations.recipient"}}
{"t":{"$date":"2024-01-15T22:30:00.066+08:00"},"s":"I",  "c":"REPL",     "id":5123008, "ctx":"main","msg":"Successfully registered PrimaryOnlyService","attr":{"service":"TenantMigrationDonorService","namespace":"config.tenantMigrationDonors"}}
{"t":{"$date":"2024-01-15T22:30:00.066+08:00"},"s":"I",  "c":"REPL",     "id":5123008, "ctx":"main","msg":"Successfully registered PrimaryOnlyService","attr":{"service":"TenantMigrationRecipientService","namespace":"config.tenantMigrationRecipients"}}
{"t":{"$date":"2024-01-15T22:30:00.066+08:00"},"s":"I",  "c":"CONTROL",  "id":5945603, "ctx":"main","msg":"Multi threading initialized"}
{"t":{"$date":"2024-01-15T22:30:00.066+08:00"},"s":"I",  "c":"TENANT_M", "id":7091600, "ctx":"main","msg":"Starting TenantMigrationAccessBlockerRegistry"}
{"t":{"$date":"2024-01-15T22:30:00.067+08:00"},"s":"I",  "c":"CONTROL",  "id":4615611, "ctx":"initandlisten","msg":"MongoDB starting","attr":{"pid":8745,"port":37018,"dbPath":"config-secondary1/data","architecture":"64-bit","host":"tz-pc"}}
{"t":{"$date":"2024-01-15T22:30:00.067+08:00"},"s":"I",  "c":"CONTROL",  "id":23403,   "ctx":"initandlisten","msg":"Build Info","attr":{"buildInfo":{"version":"7.0.4","gitVersion":"38f3e37057a43d2e9f41a39142681a76062d582e","openSSLVersion":"OpenSSL 1.1.1w  11 Sep 2023","modules":[],"allocator":"tcmalloc","environment":{"distmod":"ubuntu2004","distarch":"x86_64","target_arch":"x86_64"}}}}
{"t":{"$date":"2024-01-15T22:30:00.067+08:00"},"s":"I",  "c":"CONTROL",  "id":51765,   "ctx":"initandlisten","msg":"Operating System","attr":{"os":{"name":"\"Arch\"","version":"\"rolling\""}}}
{"t":{"$date":"2024-01-15T22:30:00.067+08:00"},"s":"I",  "c":"CONTROL",  "id":21951,   "ctx":"initandlisten","msg":"Options set by command line","attr":{"options":{"config":"/home/tz/mongodb/shard/config-secondary1/start.conf","net":{"bindIp":"localhost","port":37018},"replication":{"replSetName":"rsconfig"},"sharding":{"clusterRole":"configsvr"},"storage":{"dbPath":"config-secondary1/data"},"systemLog":{"destination":"file","path":"config-secondary1/logs/log.log"}}}}
{"t":{"$date":"2024-01-15T22:30:00.068+08:00"},"s":"E",  "c":"CONTROL",  "id":20568,   "ctx":"initandlisten","msg":"Error setting up listener","attr":{"error":{"code":9001,"codeName":"SocketException","errmsg":"setup bind :: caused by :: Address already in use"}}}
{"t":{"$date":"2024-01-15T22:30:00.069+08:00"},"s":"I",  "c":"REPL",     "id":4784900, "ctx":"initandlisten","msg":"Stepping down the ReplicationCoordinator for shutdown","attr":{"waitTimeMillis":15000}}
{"t":{"$date":"2024-01-15T22:30:00.069+08:00"},"s":"I",  "c":"REPL",     "id":4794602, "ctx":"initandlisten","msg":"Attempting to enter quiesce mode"}
{"t":{"$date":"2024-01-15T22:30:00.070+08:00"},"s":"I",  "c":"-",        "id":6371601, "ctx":"initandlisten","msg":"Shutting down the FLE Crud thread pool"}
{"t":{"$date":"2024-01-15T22:30:00.070+08:00"},"s":"I",  "c":"COMMAND",  "id":4784901, "ctx":"initandlisten","msg":"Shutting down the MirrorMaestro"}
{"t":{"$date":"2024-01-15T22:30:00.070+08:00"},"s":"I",  "c":"SHARDING", "id":4784902, "ctx":"initandlisten","msg":"Shutting down the WaitForMajorityService"}
{"t":{"$date":"2024-01-15T22:30:00.070+08:00"},"s":"I",  "c":"-",        "id":7350601, "ctx":"initandlisten","msg":"Shutting down the QueryAnalysisSampler"}
{"t":{"$date":"2024-01-15T22:30:00.070+08:00"},"s":"I",  "c":"NETWORK",  "id":4784905, "ctx":"initandlisten","msg":"Shutting down the global connection pool"}
{"t":{"$date":"2024-01-15T22:30:00.070+08:00"},"s":"I",  "c":"NETWORK",  "id":4784918, "ctx":"initandlisten","msg":"Shutting down the ReplicaSetMonitor"}
{"t":{"$date":"2024-01-15T22:30:00.070+08:00"},"s":"I",  "c":"SHARDING", "id":4784921, "ctx":"initandlisten","msg":"Shutting down the MigrationUtilExecutor"}
{"t":{"$date":"2024-01-15T22:30:00.070+08:00"},"s":"I",  "c":"ASIO",     "id":22582,   "ctx":"MigrationUtil-TaskExecutor","msg":"Killing all outstanding egress activity."}
{"t":{"$date":"2024-01-15T22:30:00.070+08:00"},"s":"I",  "c":"COMMAND",  "id":4784923, "ctx":"initandlisten","msg":"Shutting down the ServiceEntryPoint"}
{"t":{"$date":"2024-01-15T22:30:00.070+08:00"},"s":"I",  "c":"CONTROL",  "id":4784928, "ctx":"initandlisten","msg":"Shutting down the TTL monitor"}
{"t":{"$date":"2024-01-15T22:30:00.070+08:00"},"s":"I",  "c":"CONTROL",  "id":6278511, "ctx":"initandlisten","msg":"Shutting down the Change Stream Expired Pre-images Remover"}
{"t":{"$date":"2024-01-15T22:30:00.070+08:00"},"s":"I",  "c":"CONTROL",  "id":4784929, "ctx":"initandlisten","msg":"Acquiring the global lock for shutdown"}
{"t":{"$date":"2024-01-15T22:30:00.070+08:00"},"s":"I",  "c":"-",        "id":4784931, "ctx":"initandlisten","msg":"Dropping the scope cache for shutdown"}
{"t":{"$date":"2024-01-15T22:30:00.070+08:00"},"s":"I",  "c":"CONTROL",  "id":20565,   "ctx":"initandlisten","msg":"Now exiting"}
{"t":{"$date":"2024-01-15T22:30:00.070+08:00"},"s":"I",  "c":"CONTROL",  "id":23138,   "ctx":"initandlisten","msg":"Shutting down","attr":{"exitCode":48}}
